{"/Users/apple/Desktop/Rust/VIWell/tamagui.config.ts": {"path":"/Users/apple/Desktop/Rust/VIWell/tamagui.config.ts","statementMap":{"0":{"start":{"line":1,"column":0},"end":{"line":1,"column":65}},"1":{"start":{"line":2,"column":0},"end":{"line":2,"column":49}},"2":{"start":{"line":3,"column":0},"end":{"line":3,"column":52}},"3":{"start":{"line":4,"column":0},"end":{"line":4,"column":68}},"4":{"start":{"line":5,"column":0},"end":{"line":5,"column":41}},"5":{"start":{"line":7,"column":19},"end":{"line":25,"column":2}},"6":{"start":{"line":27,"column":18},"end":{"line":108,"column":2}},"7":{"start":{"line":110,"column":15},"end":{"line":133,"column":2}},"8":{"start":{"line":141,"column":0},"end":{"line":141,"column":22}}},"fnMap":{},"branchMap":{},"s":{"0":11,"1":11,"2":11,"3":11,"4":11,"5":11,"6":11,"7":11,"8":11},"f":{},"b":{}}
,"/Users/apple/Desktop/Rust/VIWell/assets/icons/index.tsx": {"path":"/Users/apple/Desktop/Rust/VIWell/assets/icons/index.tsx","statementMap":{"0":{"start":{"line":1,"column":0},"end":{"line":1,"column":70}},"1":{"start":{"line":4,"column":27},"end":{"line":19,"column":null}},"2":{"start":{"line":5,"column":2},"end":{"line":18,"column":null}},"3":{"start":{"line":4,"column":13},"end":{"line":4,"column":27}},"4":{"start":{"line":22,"column":66},"end":{"line":47,"column":null}},"5":{"start":{"line":26,"column":2},"end":{"line":46,"column":null}},"6":{"start":{"line":22,"column":13},"end":{"line":22,"column":66}},"7":{"start":{"line":50,"column":27},"end":{"line":62,"column":null}},"8":{"start":{"line":51,"column":2},"end":{"line":61,"column":null}},"9":{"start":{"line":50,"column":13},"end":{"line":50,"column":27}},"10":{"start":{"line":65,"column":67},"end":{"line":90,"column":null}},"11":{"start":{"line":69,"column":2},"end":{"line":89,"column":null}},"12":{"start":{"line":65,"column":13},"end":{"line":65,"column":67}},"13":{"start":{"line":93,"column":32},"end":{"line":125,"column":null}},"14":{"start":{"line":94,"column":2},"end":{"line":124,"column":null}},"15":{"start":{"line":93,"column":13},"end":{"line":93,"column":32}}},"fnMap":{"0":{"name":"(anonymous_0)","decl":{"start":{"line":4,"column":27},"end":{"line":4,"column":30}},"loc":{"start":{"line":5,"column":2},"end":{"line":18,"column":null}}},"1":{"name":"(anonymous_1)","decl":{"start":{"line":22,"column":66},"end":{"line":22,"column":67}},"loc":{"start":{"line":26,"column":2},"end":{"line":46,"column":null}}},"2":{"name":"(anonymous_2)","decl":{"start":{"line":50,"column":27},"end":{"line":50,"column":30}},"loc":{"start":{"line":51,"column":2},"end":{"line":61,"column":null}}},"3":{"name":"(anonymous_3)","decl":{"start":{"line":65,"column":67},"end":{"line":65,"column":68}},"loc":{"start":{"line":69,"column":2},"end":{"line":89,"column":null}}},"4":{"name":"(anonymous_4)","decl":{"start":{"line":93,"column":32},"end":{"line":93,"column":35}},"loc":{"start":{"line":94,"column":2},"end":{"line":124,"column":null}}}},"branchMap":{"0":{"loc":{"start":{"line":23,"column":2},"end":{"line":23,"column":16}},"type":"default-arg","locations":[{"start":{"line":23,"column":10},"end":{"line":23,"column":16}}]},"1":{"loc":{"start":{"line":24,"column":2},"end":{"line":24,"column":22}},"type":"default-arg","locations":[{"start":{"line":24,"column":9},"end":{"line":24,"column":22}}]},"2":{"loc":{"start":{"line":42,"column":14},"end":{"line":42,"column":54}},"type":"cond-expr","locations":[{"start":{"line":42,"column":39},"end":{"line":42,"column":46}},{"start":{"line":42,"column":49},"end":{"line":42,"column":54}}]},"3":{"loc":{"start":{"line":66,"column":2},"end":{"line":66,"column":16}},"type":"default-arg","locations":[{"start":{"line":66,"column":10},"end":{"line":66,"column":16}}]},"4":{"loc":{"start":{"line":67,"column":2},"end":{"line":67,"column":22}},"type":"default-arg","locations":[{"start":{"line":67,"column":9},"end":{"line":67,"column":22}}]}},"s":{"0":5,"1":5,"2":2,"3":5,"4":5,"5":3,"6":5,"7":5,"8":1,"9":5,"10":5,"11":5,"12":5,"13":5,"14":4,"15":5},"f":{"0":2,"1":3,"2":1,"3":5,"4":4},"b":{"0":[2],"1":[2],"2":[1,2],"3":[1],"4":[1]}}
,"/Users/apple/Desktop/Rust/VIWell/theme/colors.theme.ts": {"path":"/Users/apple/Desktop/Rust/VIWell/theme/colors.theme.ts","statementMap":{"0":{"start":{"line":1,"column":13},"end":{"line":1,"column":48}},"1":{"start":{"line":3,"column":13},"end":{"line":3,"column":50}},"2":{"start":{"line":5,"column":13},"end":{"line":10,"column":2}}},"fnMap":{},"branchMap":{},"s":{"0":11,"1":11,"2":11},"f":{},"b":{}}
,"/Users/apple/Desktop/Rust/VIWell/theme/index.ts": {"path":"/Users/apple/Desktop/Rust/VIWell/theme/index.ts","statementMap":{"0":{"start":{"line":2,"column":0},"end":{"line":2,"column":null}},"1":{"start":{"line":11,"column":0},"end":{"line":11,"column":58}},"2":{"start":{"line":15,"column":25},"end":{"line":15,"column":46}},"3":{"start":{"line":16,"column":24},"end":{"line":16,"column":42}},"4":{"start":{"line":19,"column":17},"end":{"line":36,"column":2}},"5":{"start":{"line":38,"column":23},"end":{"line":51,"column":2}},"6":{"start":{"line":53,"column":24},"end":{"line":58,"column":2}},"7":{"start":{"line":61,"column":13},"end":{"line":64,"column":2}},"8":{"start":{"line":68,"column":17},"end":{"line":90,"column":2}},"9":{"start":{"line":92,"column":25},"end":{"line":92,"column":43}},"10":{"start":{"line":93,"column":31},"end":{"line":93,"column":50}},"11":{"start":{"line":95,"column":21},"end":{"line":100,"column":2}},"12":{"start":{"line":102,"column":22},"end":{"line":110,"column":2}},"13":{"start":{"line":112,"column":14},"end":{"line":112,"column":56}},"14":{"start":{"line":118,"column":4},"end":{"line":120,"column":2}},"15":{"start":{"line":122,"column":14},"end":{"line":125,"column":2}},"16":{"start":{"line":128,"column":33},"end":{"line":133,"column":2}},"17":{"start":{"line":135,"column":18},"end":{"line":266,"column":2}},"18":{"start":{"line":136,"column":18},"end":{"line":136,"column":34}},"19":{"start":{"line":137,"column":22},"end":{"line":137,"column":29}},"20":{"start":{"line":138,"column":23},"end":{"line":138,"column":46}},"21":{"start":{"line":139,"column":22},"end":{"line":140,"column":64}},"22":{"start":{"line":140,"column":4},"end":{"line":140,"column":64}},"23":{"start":{"line":143,"column":44},"end":{"line":176,"column":4}},"24":{"start":{"line":147,"column":4},"end":{"line":175,"column":37}},"25":{"start":{"line":149,"column":29},"end":{"line":149,"column":71}},"26":{"start":{"line":151,"column":29},"end":{"line":154,"column":10}},"27":{"start":{"line":158,"column":24},"end":{"line":164,"column":10}},"28":{"start":{"line":165,"column":27},"end":{"line":172,"column":10}},"29":{"start":{"line":173,"column":8},"end":{"line":173,"column":35}},"30":{"start":{"line":178,"column":25},"end":{"line":184,"column":4}},"31":{"start":{"line":179,"column":20},"end":{"line":179,"column":49}},"32":{"start":{"line":180,"column":4},"end":{"line":183,"column":6}},"33":{"start":{"line":186,"column":26},"end":{"line":189,"column":4}},"34":{"start":{"line":191,"column":24},"end":{"line":194,"column":4}},"35":{"start":{"line":196,"column":2},"end":{"line":199,"column":4}},"36":{"start":{"line":206,"column":27},"end":{"line":209,"column":6}},"37":{"start":{"line":210,"column":17},"end":{"line":210,"column":63}},"38":{"start":{"line":211,"column":17},"end":{"line":211,"column":62}},"39":{"start":{"line":213,"column":6},"end":{"line":217,"column":8}},"40":{"start":{"line":218,"column":4},"end":{"line":223,"column":7}},"41":{"start":{"line":219,"column":6},"end":{"line":222,"column":8}},"42":{"start":{"line":227,"column":20},"end":{"line":227,"column":63}},"43":{"start":{"line":228,"column":20},"end":{"line":228,"column":65}},"44":{"start":{"line":229,"column":22},"end":{"line":229,"column":67}},"45":{"start":{"line":230,"column":21},"end":{"line":230,"column":66}},"46":{"start":{"line":231,"column":21},"end":{"line":231,"column":67}},"47":{"start":{"line":232,"column":54},"end":{"line":246,"column":10}},"48":{"start":{"line":247,"column":4},"end":{"line":264,"column":6}},"49":{"start":{"line":268,"column":13},"end":{"line":274,"column":2}},"50":{"start":{"line":276,"column":0},"end":{"line":276,"column":31}}},"fnMap":{"0":{"name":"(anonymous_4)","decl":{"start":{"line":135,"column":42},"end":{"line":135,"column":43}},"loc":{"start":{"line":135,"column":58},"end":{"line":266,"column":1}}},"1":{"name":"(anonymous_5)","decl":{"start":{"line":139,"column":22},"end":{"line":139,"column":23}},"loc":{"start":{"line":140,"column":4},"end":{"line":140,"column":64}}},"2":{"name":"(anonymous_6)","decl":{"start":{"line":146,"column":8},"end":{"line":146,"column":9}},"loc":{"start":{"line":146,"column":21},"end":{"line":176,"column":3}}},"3":{"name":"(anonymous_7)","decl":{"start":{"line":148,"column":32},"end":{"line":148,"column":33}},"loc":{"start":{"line":148,"column":42},"end":{"line":174,"column":7}}},"4":{"name":"(anonymous_8)","decl":{"start":{"line":178,"column":50},"end":{"line":178,"column":51}},"loc":{"start":{"line":178,"column":76},"end":{"line":184,"column":3}}},"5":{"name":"getAltThemes","decl":{"start":{"line":201,"column":11},"end":{"line":201,"column":23}},"loc":{"start":{"line":204,"column":26},"end":{"line":224,"column":3}}},"6":{"name":"(anonymous_10)","decl":{"start":{"line":218,"column":47},"end":{"line":218,"column":48}},"loc":{"start":{"line":218,"column":63},"end":{"line":223,"column":5}}},"7":{"name":"getComponentThemes","decl":{"start":{"line":226,"column":11},"end":{"line":226,"column":29}},"loc":{"start":{"line":226,"column":64},"end":{"line":265,"column":3}}}},"branchMap":{"0":{"loc":{"start":{"line":139,"column":36},"end":{"line":139,"column":47}},"type":"default-arg","locations":[{"start":{"line":139,"column":46},"end":{"line":139,"column":47}}]},"1":{"loc":{"start":{"line":213,"column":6},"end":{"line":217,"column":8}},"type":"binary-expr","locations":[{"start":{"line":213,"column":6},"end":{"line":213,"column":17}},{"start":{"line":214,"column":6},"end":{"line":217,"column":8}}]},"2":{"loc":{"start":{"line":221,"column":8},"end":{"line":221,"column":46}},"type":"cond-expr","locations":[{"start":{"line":221,"column":31},"end":{"line":221,"column":36}},{"start":{"line":221,"column":39},"end":{"line":221,"column":46}}]},"3":{"loc":{"start":{"line":232,"column":54},"end":{"line":246,"column":10}},"type":"cond-expr","locations":[{"start":{"line":233,"column":8},"end":{"line":239,"column":null}},{"start":{"line":240,"column":8},"end":{"line":246,"column":10}}]}},"s":{"0":11,"1":11,"2":11,"3":11,"4":11,"5":11,"6":11,"7":11,"8":11,"9":11,"10":11,"11":11,"12":11,"13":11,"14":11,"15":11,"16":11,"17":11,"18":11,"19":11,"20":11,"21":11,"22":132,"23":11,"24":22,"25":66,"26":66,"27":66,"28":66,"29":66,"30":11,"31":33,"32":33,"33":11,"34":11,"35":11,"36":44,"37":44,"38":44,"39":44,"40":44,"41":132,"42":176,"43":176,"44":176,"45":176,"46":176,"47":176,"48":176,"49":11,"50":11},"f":{"0":11,"1":132,"2":22,"3":66,"4":33,"5":44,"6":132,"7":176},"b":{"0":[132],"1":[44,33],"2":[0,132],"3":[176,0]}}
,"/Users/apple/Desktop/Rust/VIWell/theme/tokens.theme.ts": {"path":"/Users/apple/Desktop/Rust/VIWell/theme/tokens.theme.ts","statementMap":{"0":{"start":{"line":2,"column":0},"end":{"line":2,"column":58}},"1":{"start":{"line":3,"column":0},"end":{"line":3,"column":54}},"2":{"start":{"line":5,"column":13},"end":{"line":520,"column":2}},"3":{"start":{"line":528,"column":15},"end":{"line":530,"column":2}},"4":{"start":{"line":529,"column":2},"end":{"line":529,"column":29}},"5":{"start":{"line":534,"column":2},"end":{"line":534,"column":11}},"6":{"start":{"line":537,"column":23},"end":{"line":540,"column":2}},"7":{"start":{"line":537,"column":46},"end":{"line":540,"column":2}},"8":{"start":{"line":546,"column":13},"end":{"line":551,"column":9}},"9":{"start":{"line":553,"column":13},"end":{"line":560,"column":2}},"10":{"start":{"line":562,"column":13},"end":{"line":568,"column":2}},"11":{"start":{"line":570,"column":13},"end":{"line":574,"column":2}},"12":{"start":{"line":576,"column":13},"end":{"line":578,"column":2}},"13":{"start":{"line":591,"column":2},"end":{"line":593,"column":11}},"14":{"start":{"line":592,"column":40},"end":{"line":592,"column":61}},"15":{"start":{"line":596,"column":13},"end":{"line":613,"column":2}},"16":{"start":{"line":615,"column":13},"end":{"line":621,"column":3}}},"fnMap":{"0":{"name":"(anonymous_0)","decl":{"start":{"line":528,"column":40},"end":{"line":528,"column":41}},"loc":{"start":{"line":528,"column":51},"end":{"line":530,"column":1}}},"1":{"name":"sizeToSpace","decl":{"start":{"line":533,"column":9},"end":{"line":533,"column":20}},"loc":{"start":{"line":533,"column":30},"end":{"line":535,"column":1}}},"2":{"name":"(anonymous_2)","decl":{"start":{"line":537,"column":34},"end":{"line":537,"column":35}},"loc":{"start":{"line":537,"column":46},"end":{"line":540,"column":2}}},"3":{"name":"postfixObjKeys","decl":{"start":{"line":580,"column":9},"end":{"line":580,"column":23}},"loc":{"start":{"line":585,"column":12},"end":{"line":594,"column":1}}},"4":{"name":"(anonymous_4)","decl":{"start":{"line":592,"column":28},"end":{"line":592,"column":29}},"loc":{"start":{"line":592,"column":40},"end":{"line":592,"column":61}}}},"branchMap":{},"s":{"0":11,"1":11,"2":11,"3":11,"4":5654,"5":5654,"6":11,"7":5654,"8":11,"9":11,"10":11,"11":11,"12":11,"13":11,"14":66,"15":11,"16":11},"f":{"0":5654,"1":5654,"2":5654,"3":11,"4":66},"b":{}}
,"/Users/apple/Desktop/Rust/VIWell/ui/button/index.tsx": {"path":"/Users/apple/Desktop/Rust/VIWell/ui/button/index.tsx","statementMap":{"0":{"start":{"line":2,"column":0},"end":{"line":2,"column":60}},"1":{"start":{"line":3,"column":0},"end":{"line":3,"column":39}},"2":{"start":{"line":5,"column":13},"end":{"line":49,"column":3}},"3":{"start":{"line":51,"column":13},"end":{"line":82,"column":3}},"4":{"start":{"line":93,"column":36},"end":{"line":115,"column":1}},"5":{"start":{"line":101,"column":2},"end":{"line":114,"column":4}},"6":{"start":{"line":117,"column":0},"end":{"line":117,"column":22}}},"fnMap":{"0":{"name":"(anonymous_1)","decl":{"start":{"line":93,"column":36},"end":{"line":93,"column":37}},"loc":{"start":{"line":100,"column":5},"end":{"line":115,"column":1}}}},"branchMap":{"0":{"loc":{"start":{"line":95,"column":2},"end":{"line":95,"column":21}},"type":"default-arg","locations":[{"start":{"line":95,"column":12},"end":{"line":95,"column":21}}]},"1":{"loc":{"start":{"line":96,"column":2},"end":{"line":96,"column":16}},"type":"default-arg","locations":[{"start":{"line":96,"column":9},"end":{"line":96,"column":16}}]},"2":{"loc":{"start":{"line":97,"column":2},"end":{"line":97,"column":17}},"type":"default-arg","locations":[{"start":{"line":97,"column":15},"end":{"line":97,"column":17}}]},"3":{"loc":{"start":{"line":98,"column":2},"end":{"line":98,"column":19}},"type":"default-arg","locations":[{"start":{"line":98,"column":14},"end":{"line":98,"column":19}}]},"4":{"loc":{"start":{"line":105,"column":16},"end":{"line":105,"column":43}},"type":"binary-expr","locations":[{"start":{"line":105,"column":16},"end":{"line":105,"column":25}},{"start":{"line":105,"column":29},"end":{"line":105,"column":43}}]},"5":{"loc":{"start":{"line":108,"column":7},"end":{"line":108,"column":63}},"type":"binary-expr","locations":[{"start":{"line":108,"column":7},"end":{"line":108,"column":16}},{"start":{"line":108,"column":20},"end":{"line":108,"column":63}}]},"6":{"loc":{"start":{"line":109,"column":7},"end":{"line":109,"column":35}},"type":"binary-expr","locations":[{"start":{"line":109,"column":7},"end":{"line":109,"column":17}},{"start":{"line":109,"column":21},"end":{"line":109,"column":35}}]}},"s":{"0":1,"1":1,"2":1,"3":1,"4":1,"5":7,"6":1},"f":{"0":7},"b":{"0":[5],"1":[5],"2":[7],"3":[5],"4":[7,6],"5":[7,1],"6":[7,1]}}
,"/Users/apple/Desktop/Rust/VIWell/ui/general/BottomTabNavigator.tsx": {"path":"/Users/apple/Desktop/Rust/VIWell/ui/general/BottomTabNavigator.tsx","statementMap":{"0":{"start":{"line":1,"column":0},"end":{"line":1,"column":57}},"1":{"start":{"line":2,"column":0},"end":{"line":2,"column":50}},"2":{"start":{"line":3,"column":0},"end":{"line":3,"column":32}},"3":{"start":{"line":4,"column":0},"end":{"line":4,"column":40}},"4":{"start":{"line":5,"column":0},"end":{"line":5,"column":67}},"5":{"start":{"line":6,"column":0},"end":{"line":6,"column":41}},"6":{"start":{"line":7,"column":0},"end":{"line":7,"column":39}},"7":{"start":{"line":9,"column":27},"end":{"line":78,"column":1}},"8":{"start":{"line":10,"column":21},"end":{"line":10,"column":40}},"9":{"start":{"line":11,"column":19},"end":{"line":11,"column":32}},"10":{"start":{"line":13,"column":23},"end":{"line":32,"column":8}},"11":{"start":{"line":14,"column":4},"end":{"line":31,"column":6}},"12":{"start":{"line":20,"column":10},"end":{"line":20,"column":43}},"13":{"start":{"line":28,"column":10},"end":{"line":28,"column":43}},"14":{"start":{"line":33,"column":2},"end":{"line":77,"column":4}},"15":{"start":{"line":50,"column":8},"end":{"line":52,"column":null}},"16":{"start":{"line":80,"column":0},"end":{"line":80,"column":34}}},"fnMap":{"0":{"name":"(anonymous_1)","decl":{"start":{"line":9,"column":27},"end":{"line":9,"column":30}},"loc":{"start":{"line":9,"column":32},"end":{"line":78,"column":1}}},"1":{"name":"(anonymous_2)","decl":{"start":{"line":13,"column":31},"end":{"line":13,"column":34}},"loc":{"start":{"line":13,"column":36},"end":{"line":32,"column":3}}},"2":{"name":"(anonymous_3)","decl":{"start":{"line":19,"column":17},"end":{"line":19,"column":20}},"loc":{"start":{"line":19,"column":22},"end":{"line":21,"column":9}}},"3":{"name":"(anonymous_4)","decl":{"start":{"line":27,"column":17},"end":{"line":27,"column":20}},"loc":{"start":{"line":27,"column":22},"end":{"line":29,"column":9}}},"4":{"name":"(anonymous_5)","decl":{"start":{"line":49,"column":24},"end":{"line":49,"column":29}},"loc":{"start":{"line":50,"column":8},"end":{"line":52,"column":null}}}},"branchMap":{"0":{"loc":{"start":{"line":47,"column":17},"end":{"line":47,"column":50}},"type":"cond-expr","locations":[{"start":{"line":47,"column":45},"end":{"line":47,"column":46}},{"start":{"line":47,"column":49},"end":{"line":47,"column":50}}]},"1":{"loc":{"start":{"line":63,"column":19},"end":{"line":63,"column":70}},"type":"cond-expr","locations":[{"start":{"line":63,"column":49},"end":{"line":63,"column":58}},{"start":{"line":63,"column":61},"end":{"line":63,"column":70}}]},"2":{"loc":{"start":{"line":64,"column":18},"end":{"line":64,"column":73}},"type":"cond-expr","locations":[{"start":{"line":64,"column":48},"end":{"line":64,"column":57}},{"start":{"line":64,"column":60},"end":{"line":64,"column":73}}]},"3":{"loc":{"start":{"line":70,"column":19},"end":{"line":70,"column":70}},"type":"cond-expr","locations":[{"start":{"line":70,"column":49},"end":{"line":70,"column":58}},{"start":{"line":70,"column":61},"end":{"line":70,"column":70}}]}},"s":{"0":1,"1":1,"2":1,"3":1,"4":1,"5":1,"6":1,"7":1,"8":6,"9":6,"10":6,"11":6,"12":1,"13":1,"14":6,"15":12,"16":1},"f":{"0":6,"1":6,"2":1,"3":1,"4":12},"b":{"0":[0,6],"1":[6,6],"2":[6,6],"3":[6,6]}}
,"/Users/apple/Desktop/Rust/VIWell/ui/general/DefaultProductCard.tsx": {"path":"/Users/apple/Desktop/Rust/VIWell/ui/general/DefaultProductCard.tsx","statementMap":{"0":{"start":{"line":2,"column":0},"end":{"line":2,"column":61}},"1":{"start":{"line":4,"column":0},"end":{"line":4,"column":39}},"2":{"start":{"line":5,"column":0},"end":{"line":5,"column":38}},"3":{"start":{"line":6,"column":0},"end":{"line":6,"column":44}},"4":{"start":{"line":7,"column":0},"end":{"line":7,"column":53}},"5":{"start":{"line":8,"column":0},"end":{"line":8,"column":37}},"6":{"start":{"line":17,"column":14},"end":{"line":17,"column":29}},"7":{"start":{"line":19,"column":43},"end":{"line":67,"column":1}},"8":{"start":{"line":25,"column":2},"end":{"line":66,"column":4}},"9":{"start":{"line":30,"column":21},"end":{"line":30,"column":73}},"10":{"start":{"line":49,"column":14},"end":{"line":51,"column":null}},"11":{"start":{"line":69,"column":0},"end":{"line":69,"column":34}}},"fnMap":{"0":{"name":"(anonymous_1)","decl":{"start":{"line":19,"column":43},"end":{"line":19,"column":44}},"loc":{"start":{"line":24,"column":5},"end":{"line":67,"column":1}}},"1":{"name":"(anonymous_2)","decl":{"start":{"line":23,"column":20},"end":{"line":23,"column":23}},"loc":{"start":{"line":23,"column":25},"end":{"line":23,"column":28}}},"2":{"name":"(anonymous_3)","decl":{"start":{"line":30,"column":15},"end":{"line":30,"column":18}},"loc":{"start":{"line":30,"column":21},"end":{"line":30,"column":73}}},"3":{"name":"(anonymous_4)","decl":{"start":{"line":48,"column":18},"end":{"line":48,"column":21}},"loc":{"start":{"line":49,"column":14},"end":{"line":51,"column":null}}}},"branchMap":{"0":{"loc":{"start":{"line":21,"column":2},"end":{"line":21,"column":21}},"type":"default-arg","locations":[{"start":{"line":21,"column":19},"end":{"line":21,"column":21}}]},"1":{"loc":{"start":{"line":22,"column":2},"end":{"line":22,"column":20}},"type":"default-arg","locations":[{"start":{"line":22,"column":15},"end":{"line":22,"column":20}}]},"2":{"loc":{"start":{"line":23,"column":2},"end":{"line":23,"column":28}},"type":"default-arg","locations":[{"start":{"line":23,"column":20},"end":{"line":23,"column":28}}]},"3":{"loc":{"start":{"line":50,"column":22},"end":{"line":50,"column":60}},"type":"cond-expr","locations":[{"start":{"line":50,"column":35},"end":{"line":50,"column":44}},{"start":{"line":50,"column":47},"end":{"line":50,"column":60}}]},"4":{"loc":{"start":{"line":51,"column":23},"end":{"line":51,"column":57}},"type":"cond-expr","locations":[{"start":{"line":51,"column":36},"end":{"line":51,"column":45}},{"start":{"line":51,"column":48},"end":{"line":51,"column":57}}]}},"s":{"0":1,"1":1,"2":1,"3":1,"4":1,"5":1,"6":1,"7":1,"8":3,"9":1,"10":3,"11":1},"f":{"0":3,"1":0,"2":1,"3":3},"b":{"0":[3],"1":[3],"2":[2],"3":[0,3],"4":[0,3]}}
,"/Users/apple/Desktop/Rust/VIWell/ui/general/EmptyListItem.tsx": {"path":"/Users/apple/Desktop/Rust/VIWell/ui/general/EmptyListItem.tsx","statementMap":{"0":{"start":{"line":1,"column":0},"end":{"line":1,"column":48}},"1":{"start":{"line":3,"column":0},"end":{"line":3,"column":77}},"2":{"start":{"line":4,"column":0},"end":{"line":4,"column":39}},"3":{"start":{"line":13,"column":38},"end":{"line":40,"column":1}},"4":{"start":{"line":19,"column":2},"end":{"line":39,"column":4}},"5":{"start":{"line":42,"column":0},"end":{"line":42,"column":29}}},"fnMap":{"0":{"name":"(anonymous_1)","decl":{"start":{"line":13,"column":38},"end":{"line":13,"column":39}},"loc":{"start":{"line":18,"column":5},"end":{"line":40,"column":1}}}},"branchMap":{"0":{"loc":{"start":{"line":14,"column":2},"end":{"line":14,"column":21}},"type":"default-arg","locations":[{"start":{"line":14,"column":19},"end":{"line":14,"column":21}}]},"1":{"loc":{"start":{"line":15,"column":2},"end":{"line":15,"column":19}},"type":"default-arg","locations":[{"start":{"line":15,"column":17},"end":{"line":15,"column":19}}]},"2":{"loc":{"start":{"line":16,"column":2},"end":{"line":16,"column":19}},"type":"default-arg","locations":[{"start":{"line":16,"column":10},"end":{"line":16,"column":19}}]},"3":{"loc":{"start":{"line":17,"column":2},"end":{"line":17,"column":19}},"type":"default-arg","locations":[{"start":{"line":17,"column":14},"end":{"line":17,"column":19}}]},"4":{"loc":{"start":{"line":21,"column":7},"end":{"line":36,"column":null}},"type":"cond-expr","locations":[{"start":{"line":22,"column":8},"end":{"line":26,"column":null}},{"start":{"line":29,"column":8},"end":{"line":35,"column":null}}]}},"s":{"0":1,"1":1,"2":1,"3":1,"4":4,"5":1},"f":{"0":4},"b":{"0":[3],"1":[4],"2":[3],"3":[3],"4":[1,3]}}
,"/Users/apple/Desktop/Rust/VIWell/ui/general/IconButton.tsx": {"path":"/Users/apple/Desktop/Rust/VIWell/ui/general/IconButton.tsx","statementMap":{"0":{"start":{"line":2,"column":0},"end":{"line":2,"column":60}},"1":{"start":{"line":4,"column":13},"end":{"line":35,"column":3}},"2":{"start":{"line":44,"column":44},"end":{"line":60,"column":1}},"3":{"start":{"line":49,"column":2},"end":{"line":59,"column":4}},"4":{"start":{"line":62,"column":0},"end":{"line":62,"column":26}}},"fnMap":{"0":{"name":"(anonymous_0)","decl":{"start":{"line":44,"column":44},"end":{"line":44,"column":45}},"loc":{"start":{"line":48,"column":5},"end":{"line":60,"column":1}}}},"branchMap":{"0":{"loc":{"start":{"line":45,"column":2},"end":{"line":45,"column":16}},"type":"default-arg","locations":[{"start":{"line":45,"column":9},"end":{"line":45,"column":16}}]},"1":{"loc":{"start":{"line":46,"column":2},"end":{"line":46,"column":19}},"type":"default-arg","locations":[{"start":{"line":46,"column":14},"end":{"line":46,"column":19}}]},"2":{"loc":{"start":{"line":53,"column":16},"end":{"line":53,"column":43}},"type":"binary-expr","locations":[{"start":{"line":53,"column":16},"end":{"line":53,"column":25}},{"start":{"line":53,"column":29},"end":{"line":53,"column":43}}]},"3":{"loc":{"start":{"line":56,"column":7},"end":{"line":56,"column":73}},"type":"binary-expr","locations":[{"start":{"line":56,"column":7},"end":{"line":56,"column":16}},{"start":{"line":56,"column":20},"end":{"line":56,"column":73}}]},"4":{"loc":{"start":{"line":57,"column":7},"end":{"line":57,"column":49}},"type":"binary-expr","locations":[{"start":{"line":57,"column":7},"end":{"line":57,"column":17}},{"start":{"line":57,"column":21},"end":{"line":57,"column":31}},{"start":{"line":57,"column":35},"end":{"line":57,"column":49}}]}},"s":{"0":3,"1":3,"2":3,"3":9,"4":3},"f":{"0":9},"b":{"0":[9],"1":[7],"2":[9,7],"3":[9,2],"4":[9,7,6]}}
,"/Users/apple/Desktop/Rust/VIWell/ui/general/LoaderComponent.tsx": {"path":"/Users/apple/Desktop/Rust/VIWell/ui/general/LoaderComponent.tsx","statementMap":{"0":{"start":{"line":1,"column":0},"end":{"line":1,"column":48}},"1":{"start":{"line":3,"column":0},"end":{"line":3,"column":64}},"2":{"start":{"line":4,"column":0},"end":{"line":4,"column":39}},"3":{"start":{"line":14,"column":40},"end":{"line":46,"column":1}},"4":{"start":{"line":21,"column":2},"end":{"line":30,"column":3}},"5":{"start":{"line":22,"column":4},"end":{"line":29,"column":6}},"6":{"start":{"line":32,"column":2},"end":{"line":43,"column":3}},"7":{"start":{"line":33,"column":4},"end":{"line":42,"column":6}},"8":{"start":{"line":45,"column":2},"end":{"line":45,"column":18}},"9":{"start":{"line":48,"column":0},"end":{"line":48,"column":31}}},"fnMap":{"0":{"name":"(anonymous_1)","decl":{"start":{"line":14,"column":40},"end":{"line":14,"column":41}},"loc":{"start":{"line":20,"column":5},"end":{"line":46,"column":1}}}},"branchMap":{"0":{"loc":{"start":{"line":15,"column":2},"end":{"line":15,"column":19}},"type":"default-arg","locations":[{"start":{"line":15,"column":17},"end":{"line":15,"column":19}}]},"1":{"loc":{"start":{"line":16,"column":2},"end":{"line":16,"column":46}},"type":"default-arg","locations":[{"start":{"line":16,"column":17},"end":{"line":16,"column":46}}]},"2":{"loc":{"start":{"line":17,"column":2},"end":{"line":17,"column":19}},"type":"default-arg","locations":[{"start":{"line":17,"column":14},"end":{"line":17,"column":19}}]},"3":{"loc":{"start":{"line":18,"column":2},"end":{"line":18,"column":17}},"type":"default-arg","locations":[{"start":{"line":18,"column":12},"end":{"line":18,"column":17}}]},"4":{"loc":{"start":{"line":21,"column":2},"end":{"line":30,"column":3}},"type":"if","locations":[{"start":{"line":21,"column":2},"end":{"line":30,"column":3}}]},"5":{"loc":{"start":{"line":32,"column":2},"end":{"line":43,"column":3}},"type":"if","locations":[{"start":{"line":32,"column":2},"end":{"line":43,"column":3}}]}},"s":{"0":1,"1":1,"2":1,"3":1,"4":4,"5":1,"6":3,"7":2,"8":1,"9":1},"f":{"0":4},"b":{"0":[4],"1":[3],"2":[1],"3":[1],"4":[1],"5":[2]}}
,"/Users/apple/Desktop/Rust/VIWell/ui/general/PrimaryHeader.tsx": {"path":"/Users/apple/Desktop/Rust/VIWell/ui/general/PrimaryHeader.tsx","statementMap":{"0":{"start":{"line":1,"column":0},"end":{"line":1,"column":43}},"1":{"start":{"line":2,"column":0},"end":{"line":2,"column":37}},"2":{"start":{"line":4,"column":0},"end":{"line":4,"column":46}},"3":{"start":{"line":5,"column":0},"end":{"line":5,"column":39}},"4":{"start":{"line":6,"column":0},"end":{"line":6,"column":63}},"5":{"start":{"line":18,"column":38},"end":{"line":70,"column":1}},"6":{"start":{"line":27,"column":2},"end":{"line":69,"column":4}},"7":{"start":{"line":47,"column":12},"end":{"line":51,"column":13}},"8":{"start":{"line":48,"column":14},"end":{"line":48,"column":28}},"9":{"start":{"line":50,"column":14},"end":{"line":50,"column":28}},"10":{"start":{"line":72,"column":0},"end":{"line":72,"column":29}}},"fnMap":{"0":{"name":"(anonymous_1)","decl":{"start":{"line":18,"column":38},"end":{"line":18,"column":39}},"loc":{"start":{"line":26,"column":5},"end":{"line":70,"column":1}}},"1":{"name":"(anonymous_2)","decl":{"start":{"line":46,"column":19},"end":{"line":46,"column":22}},"loc":{"start":{"line":46,"column":24},"end":{"line":52,"column":11}}}},"branchMap":{"0":{"loc":{"start":{"line":23,"column":2},"end":{"line":23,"column":27}},"type":"default-arg","locations":[{"start":{"line":23,"column":25},"end":{"line":23,"column":27}}]},"1":{"loc":{"start":{"line":24,"column":2},"end":{"line":24,"column":25}},"type":"default-arg","locations":[{"start":{"line":24,"column":23},"end":{"line":24,"column":25}}]},"2":{"loc":{"start":{"line":25,"column":2},"end":{"line":25,"column":23}},"type":"default-arg","locations":[{"start":{"line":25,"column":21},"end":{"line":25,"column":23}}]},"3":{"loc":{"start":{"line":40,"column":7},"end":{"line":56,"column":null}},"type":"cond-expr","locations":[{"start":{"line":41,"column":8},"end":{"line":53,"column":null}},{"start":{"line":56,"column":8},"end":{"line":56,"column":13}}]},"4":{"loc":{"start":{"line":47,"column":12},"end":{"line":51,"column":13}},"type":"if","locations":[{"start":{"line":47,"column":12},"end":{"line":51,"column":13}},{"start":{"line":49,"column":19},"end":{"line":51,"column":13}}]},"5":{"loc":{"start":{"line":59,"column":9},"end":{"line":63,"column":16}},"type":"cond-expr","locations":[{"start":{"line":60,"column":10},"end":{"line":61,"column":null}},{"start":{"line":63,"column":12},"end":{"line":63,"column":16}}]}},"s":{"0":1,"1":1,"2":1,"3":1,"4":1,"5":1,"6":4,"7":2,"8":1,"9":1,"10":1},"f":{"0":4,"1":2},"b":{"0":[4],"1":[4],"2":[4],"3":[2,2],"4":[1,1],"5":[1,3]}}
,"/Users/apple/Desktop/Rust/VIWell/ui/typography/index.tsx": {"path":"/Users/apple/Desktop/Rust/VIWell/ui/typography/index.tsx","statementMap":{"0":{"start":{"line":1,"column":0},"end":{"line":1,"column":54}},"1":{"start":{"line":3,"column":19},"end":{"line":25,"column":2}},"2":{"start":{"line":29,"column":0},"end":{"line":29,"column":26}}},"fnMap":{},"branchMap":{},"s":{"0":7,"1":7,"2":7},"f":{},"b":{}}
,"/Users/apple/Desktop/Rust/VIWell/utils/isEvenNumber.ts": {"path":"/Users/apple/Desktop/Rust/VIWell/utils/isEvenNumber.ts","statementMap":{"0":{"start":{"line":1,"column":28},"end":{"line":3,"column":1}},"1":{"start":{"line":2,"column":2},"end":{"line":2,"column":23}},"2":{"start":{"line":1,"column":13},"end":{"line":1,"column":28}}},"fnMap":{"0":{"name":"(anonymous_0)","decl":{"start":{"line":1,"column":28},"end":{"line":1,"column":29}},"loc":{"start":{"line":1,"column":53},"end":{"line":3,"column":1}}}},"branchMap":{},"s":{"0":1,"1":10,"2":1},"f":{"0":10},"b":{}}
,"/Users/apple/Desktop/Rust/VIWell/utils/screenDimensions.ts": {"path":"/Users/apple/Desktop/Rust/VIWell/utils/screenDimensions.ts","statementMap":{"0":{"start":{"line":1,"column":0},"end":{"line":1,"column":54}},"1":{"start":{"line":3,"column":13},"end":{"line":3,"column":58}},"2":{"start":{"line":4,"column":13},"end":{"line":4,"column":60}},"3":{"start":{"line":6,"column":35},"end":{"line":10,"column":1}},"4":{"start":{"line":7,"column":22},"end":{"line":7,"column":52}},"5":{"start":{"line":8,"column":20},"end":{"line":8,"column":44}},"6":{"start":{"line":9,"column":2},"end":{"line":9,"column":73}},"7":{"start":{"line":6,"column":13},"end":{"line":6,"column":35}},"8":{"start":{"line":12,"column":36},"end":{"line":16,"column":1}},"9":{"start":{"line":13,"column":23},"end":{"line":13,"column":54}},"10":{"start":{"line":14,"column":21},"end":{"line":14,"column":46}},"11":{"start":{"line":15,"column":2},"end":{"line":15,"column":75}},"12":{"start":{"line":12,"column":13},"end":{"line":12,"column":36}}},"fnMap":{"0":{"name":"(anonymous_0)","decl":{"start":{"line":6,"column":35},"end":{"line":6,"column":36}},"loc":{"start":{"line":6,"column":68},"end":{"line":10,"column":1}}},"1":{"name":"(anonymous_1)","decl":{"start":{"line":12,"column":36},"end":{"line":12,"column":37}},"loc":{"start":{"line":12,"column":70},"end":{"line":16,"column":1}}}},"branchMap":{},"s":{"0":2,"1":2,"2":2,"3":2,"4":2,"5":2,"6":2,"7":2,"8":2,"9":2,"10":2,"11":2,"12":2},"f":{"0":2,"1":2},"b":{}}
}
